<?xml version="1.0" encoding="UTF-8"?>
<!-- Generated by org.testng.reporters.JUnitXMLReporter -->
<testsuite ignored="0" hostname="Binals-MacBook-Air.local" failures="0" tests="10" name="Test" time="886.779" errors="0" timestamp="19 Oct 2024 00:31:56 GMT">
  <testcase classname="com.crm.qa.testcases.LoginPageTest" name="verifyPageTitle" time="10.6"/>
  <testcase classname="com.crm.qa.testcases.HomePageTest" name="verifyHomePageTitleTest" time="3.635"/>
  <testcase classname="com.crm.qa.testcases.HelpAndContactsPageTest" name="verifyebayLogoTest" time="8.885"/>
  <testcase classname="com.crm.qa.testcases.LoginPageTest" name="loginTest" time="33.685"/>
  <testcase classname="com.crm.qa.testcases.HomePageTest" name="verifyUsernameTest" time="5.105"/>
  <testcase classname="com.crm.qa.testcases.HelpAndContactsPageTest" name="verifyCustomerServiceTitleTest" time="1.6"/>
  <testcase classname="com.crm.qa.testcases.LoginPageTest" name="verifyGreetingMsgTest" time="15.005"/>
  <testcase classname="com.crm.qa.testcases.HomePageTest" name="writeInSearchBoxTest" time="32.133"/>
  <testcase classname="com.crm.qa.testcases.HelpAndContactsPageTest" name="verifysrTitleTest" time="3.47"/>
  <testcase classname="com.crm.qa.testcases.HelpAndContactsPageTest" name="searchBoxAndSearchBtnTest" time="30.707"/>
</testsuite> <!-- Test -->
