<?xml version="1.0" encoding="UTF-8"?>
<testng-results ignored="0" total="10" passed="10" failed="0" skipped="0">
  <reporter-output>
  </reporter-output>
  <suite started-at="2024-10-19T00:17:10Z" name="Suite" finished-at="2024-10-19T00:31:56Z" duration-ms="886779">
    <groups>
    </groups>
    <test started-at="2024-10-19T00:17:10Z" name="Test" finished-at="2024-10-19T00:31:56Z" duration-ms="886779">
      <class name="com.crm.qa.testcases.HomePageTest">
        <test-method is-config="true" signature="setUp()[pri:0, instance:com.crm.qa.testcases.HomePageTest@d29f28]" started-at="2024-10-19T00:17:54Z" name="setUp" finished-at="2024-10-19T00:19:09Z" duration-ms="74869" status="PASS">
          <reporter-output>
          </reporter-output>
        </test-method> <!-- setUp -->
        <test-method signature="verifyHomePageTitleTest()[pri:1, instance:com.crm.qa.testcases.HomePageTest@d29f28]" started-at="2024-10-19T00:19:09Z" name="verifyHomePageTitleTest" finished-at="2024-10-19T00:19:13Z" duration-ms="3635" status="PASS">
          <reporter-output>
          </reporter-output>
        </test-method> <!-- verifyHomePageTitleTest -->
        <test-method is-config="true" signature="tearDown()[pri:0, instance:com.crm.qa.testcases.HomePageTest@d29f28]" started-at="2024-10-19T00:19:13Z" name="tearDown" finished-at="2024-10-19T00:19:13Z" duration-ms="118" status="PASS">
          <reporter-output>
          </reporter-output>
        </test-method> <!-- tearDown -->
        <test-method is-config="true" signature="setUp()[pri:0, instance:com.crm.qa.testcases.HomePageTest@d29f28]" started-at="2024-10-19T00:22:18Z" name="setUp" finished-at="2024-10-19T00:23:28Z" duration-ms="69489" status="PASS">
          <reporter-output>
          </reporter-output>
        </test-method> <!-- setUp -->
        <test-method signature="verifyUsernameTest()[pri:2, instance:com.crm.qa.testcases.HomePageTest@d29f28]" started-at="2024-10-19T00:23:28Z" name="verifyUsernameTest" finished-at="2024-10-19T00:23:33Z" duration-ms="5105" status="PASS">
          <reporter-output>
          </reporter-output>
        </test-method> <!-- verifyUsernameTest -->
        <test-method is-config="true" signature="tearDown()[pri:0, instance:com.crm.qa.testcases.HomePageTest@d29f28]" started-at="2024-10-19T00:23:33Z" name="tearDown" finished-at="2024-10-19T00:23:33Z" duration-ms="132" status="PASS">
          <reporter-output>
          </reporter-output>
        </test-method> <!-- tearDown -->
        <test-method is-config="true" signature="setUp()[pri:0, instance:com.crm.qa.testcases.HomePageTest@d29f28]" started-at="2024-10-19T00:26:10Z" name="setUp" finished-at="2024-10-19T00:27:18Z" duration-ms="68197" status="PASS">
          <reporter-output>
          </reporter-output>
        </test-method> <!-- setUp -->
        <test-method signature="writeInSearchBoxTest()[pri:3, instance:com.crm.qa.testcases.HomePageTest@d29f28]" started-at="2024-10-19T00:27:18Z" name="writeInSearchBoxTest" finished-at="2024-10-19T00:27:50Z" duration-ms="32133" status="PASS">
          <reporter-output>
          </reporter-output>
        </test-method> <!-- writeInSearchBoxTest -->
        <test-method is-config="true" signature="tearDown()[pri:0, instance:com.crm.qa.testcases.HomePageTest@d29f28]" started-at="2024-10-19T00:27:50Z" name="tearDown" finished-at="2024-10-19T00:27:51Z" duration-ms="131" status="PASS">
          <reporter-output>
          </reporter-output>
        </test-method> <!-- tearDown -->
      </class> <!-- com.crm.qa.testcases.HomePageTest -->
      <class name="com.crm.qa.testcases.LoginPageTest">
        <test-method is-config="true" signature="setUp()[pri:0, instance:com.crm.qa.testcases.LoginPageTest@932bc4a]" started-at="2024-10-19T00:17:10Z" name="setUp" finished-at="2024-10-19T00:17:43Z" duration-ms="33672" status="PASS">
          <reporter-output>
          </reporter-output>
        </test-method> <!-- setUp -->
        <test-method signature="verifyPageTitle()[pri:1, instance:com.crm.qa.testcases.LoginPageTest@932bc4a]" started-at="2024-10-19T00:17:43Z" name="verifyPageTitle" finished-at="2024-10-19T00:17:54Z" duration-ms="10600" status="PASS">
          <reporter-output>
          </reporter-output>
        </test-method> <!-- verifyPageTitle -->
        <test-method is-config="true" signature="tearDown()[pri:0, instance:com.crm.qa.testcases.LoginPageTest@932bc4a]" started-at="2024-10-19T00:17:54Z" name="tearDown" finished-at="2024-10-19T00:17:54Z" duration-ms="120" status="PASS">
          <reporter-output>
          </reporter-output>
        </test-method> <!-- tearDown -->
        <test-method is-config="true" signature="setUp()[pri:0, instance:com.crm.qa.testcases.LoginPageTest@932bc4a]" started-at="2024-10-19T00:21:11Z" name="setUp" finished-at="2024-10-19T00:21:45Z" duration-ms="33248" status="PASS">
          <reporter-output>
          </reporter-output>
        </test-method> <!-- setUp -->
        <test-method signature="loginTest()[pri:2, instance:com.crm.qa.testcases.LoginPageTest@932bc4a]" started-at="2024-10-19T00:21:45Z" name="loginTest" finished-at="2024-10-19T00:22:18Z" duration-ms="33685" status="PASS">
          <reporter-output>
          </reporter-output>
        </test-method> <!-- loginTest -->
        <test-method is-config="true" signature="tearDown()[pri:0, instance:com.crm.qa.testcases.LoginPageTest@932bc4a]" started-at="2024-10-19T00:22:18Z" name="tearDown" finished-at="2024-10-19T00:22:18Z" duration-ms="109" status="PASS">
          <reporter-output>
          </reporter-output>
        </test-method> <!-- tearDown -->
        <test-method is-config="true" signature="setUp()[pri:0, instance:com.crm.qa.testcases.LoginPageTest@932bc4a]" started-at="2024-10-19T00:25:22Z" name="setUp" finished-at="2024-10-19T00:25:55Z" duration-ms="33169" status="PASS">
          <reporter-output>
          </reporter-output>
        </test-method> <!-- setUp -->
        <test-method signature="verifyGreetingMsgTest()[pri:3, instance:com.crm.qa.testcases.LoginPageTest@932bc4a]" started-at="2024-10-19T00:25:55Z" name="verifyGreetingMsgTest" finished-at="2024-10-19T00:26:10Z" duration-ms="15005" status="PASS">
          <reporter-output>
          </reporter-output>
        </test-method> <!-- verifyGreetingMsgTest -->
        <test-method is-config="true" signature="tearDown()[pri:0, instance:com.crm.qa.testcases.LoginPageTest@932bc4a]" started-at="2024-10-19T00:26:10Z" name="tearDown" finished-at="2024-10-19T00:26:10Z" duration-ms="96" status="PASS">
          <reporter-output>
          </reporter-output>
        </test-method> <!-- tearDown -->
      </class> <!-- com.crm.qa.testcases.LoginPageTest -->
      <class name="com.crm.qa.testcases.HelpAndContactsPageTest">
        <test-method is-config="true" signature="setUp()[pri:0, instance:com.crm.qa.testcases.HelpAndContactsPageTest@2fd1433e]" started-at="2024-10-19T00:19:13Z" name="setUp" finished-at="2024-10-19T00:21:02Z" duration-ms="109678" status="PASS">
          <reporter-output>
          </reporter-output>
        </test-method> <!-- setUp -->
        <test-method signature="verifyebayLogoTest()[pri:1, instance:com.crm.qa.testcases.HelpAndContactsPageTest@2fd1433e]" started-at="2024-10-19T00:21:02Z" name="verifyebayLogoTest" finished-at="2024-10-19T00:21:11Z" duration-ms="8885" status="PASS">
          <reporter-output>
          </reporter-output>
        </test-method> <!-- verifyebayLogoTest -->
        <test-method is-config="true" signature="tearDown()[pri:0, instance:com.crm.qa.testcases.HelpAndContactsPageTest@2fd1433e]" started-at="2024-10-19T00:21:11Z" name="tearDown" finished-at="2024-10-19T00:21:11Z" duration-ms="138" status="PASS">
          <reporter-output>
          </reporter-output>
        </test-method> <!-- tearDown -->
        <test-method is-config="true" signature="setUp()[pri:0, instance:com.crm.qa.testcases.HelpAndContactsPageTest@2fd1433e]" started-at="2024-10-19T00:23:33Z" name="setUp" finished-at="2024-10-19T00:25:20Z" duration-ms="106985" status="PASS">
          <reporter-output>
          </reporter-output>
        </test-method> <!-- setUp -->
        <test-method signature="verifyCustomerServiceTitleTest()[pri:2, instance:com.crm.qa.testcases.HelpAndContactsPageTest@2fd1433e]" started-at="2024-10-19T00:25:20Z" name="verifyCustomerServiceTitleTest" finished-at="2024-10-19T00:25:22Z" duration-ms="1600" status="PASS">
          <reporter-output>
          </reporter-output>
        </test-method> <!-- verifyCustomerServiceTitleTest -->
        <test-method is-config="true" signature="tearDown()[pri:0, instance:com.crm.qa.testcases.HelpAndContactsPageTest@2fd1433e]" started-at="2024-10-19T00:25:22Z" name="tearDown" finished-at="2024-10-19T00:25:22Z" duration-ms="131" status="PASS">
          <reporter-output>
          </reporter-output>
        </test-method> <!-- tearDown -->
        <test-method is-config="true" signature="setUp()[pri:0, instance:com.crm.qa.testcases.HelpAndContactsPageTest@2fd1433e]" started-at="2024-10-19T00:27:51Z" name="setUp" finished-at="2024-10-19T00:29:39Z" duration-ms="107924" status="PASS">
          <reporter-output>
          </reporter-output>
        </test-method> <!-- setUp -->
        <test-method signature="verifysrTitleTest()[pri:3, instance:com.crm.qa.testcases.HelpAndContactsPageTest@2fd1433e]" started-at="2024-10-19T00:29:39Z" name="verifysrTitleTest" finished-at="2024-10-19T00:29:42Z" duration-ms="3470" status="PASS">
          <reporter-output>
          </reporter-output>
        </test-method> <!-- verifysrTitleTest -->
        <test-method is-config="true" signature="tearDown()[pri:0, instance:com.crm.qa.testcases.HelpAndContactsPageTest@2fd1433e]" started-at="2024-10-19T00:29:42Z" name="tearDown" finished-at="2024-10-19T00:29:42Z" duration-ms="143" status="PASS">
          <reporter-output>
          </reporter-output>
        </test-method> <!-- tearDown -->
        <test-method is-config="true" signature="setUp()[pri:0, instance:com.crm.qa.testcases.HelpAndContactsPageTest@2fd1433e]" started-at="2024-10-19T00:29:42Z" name="setUp" finished-at="2024-10-19T00:31:26Z" duration-ms="103420" status="PASS">
          <reporter-output>
          </reporter-output>
        </test-method> <!-- setUp -->
        <test-method signature="searchBoxAndSearchBtnTest()[pri:4, instance:com.crm.qa.testcases.HelpAndContactsPageTest@2fd1433e]" started-at="2024-10-19T00:31:26Z" name="searchBoxAndSearchBtnTest" finished-at="2024-10-19T00:31:56Z" duration-ms="30707" status="PASS">
          <reporter-output>
          </reporter-output>
        </test-method> <!-- searchBoxAndSearchBtnTest -->
        <test-method is-config="true" signature="tearDown()[pri:0, instance:com.crm.qa.testcases.HelpAndContactsPageTest@2fd1433e]" started-at="2024-10-19T00:31:56Z" name="tearDown" finished-at="2024-10-19T00:31:56Z" duration-ms="142" status="PASS">
          <reporter-output>
          </reporter-output>
        </test-method> <!-- tearDown -->
      </class> <!-- com.crm.qa.testcases.HelpAndContactsPageTest -->
    </test> <!-- Test -->
  </suite> <!-- Suite -->
</testng-results>
